<?xml version="1.0" encoding="UTF-8"?>
<!-- Generated by org.testng.reporters.JUnitXMLReporter -->
<testsuite hostname="LAPTOP-SV9TVNET" ignored="0" name="Default test" tests="2" failures="0" timestamp="2021-07-25T14:15:15 IST" time="72.082" errors="0">
  <testcase name="mytest" time="38.312" classname="ExtentReportWithScreenShot.Screenshot.ExtentReportDemo"/>
  <testcase name="mytest1" time="33.607" classname="ExtentReportWithScreenShot.Screenshot.ExtentReportDemo"/>
</testsuite> <!-- Default test -->
