<?xml version="1.0" encoding="UTF-8"?>
<!-- Generated by org.testng.reporters.JUnitXMLReporter -->
<testsuite hostname="LAPTOP-SV9TVNET" ignored="0" name="Default test" tests="2" failures="0" timestamp="2021-07-25T16:14:12 IST" time="15.112" errors="0">
  <testcase name="mytest" time="11.191" classname="ExtentReportWithScreenShot.Screenshot.ExtentReportDemo"/>
  <testcase name="mytest1" time="3.724" classname="ExtentReportWithScreenShot.Screenshot.ExtentReportDemo"/>
</testsuite> <!-- Default test -->
