<?xml version="1.0" encoding="UTF-8"?>
<!-- Generated by org.testng.reporters.JUnitXMLReporter -->
<testsuite hostname="LAPTOP-SV9TVNET" ignored="0" name="Test" tests="2" failures="1" timestamp="2021-07-25T13:47:54 IST" time="44.728" errors="0">
  <testcase name="mytest" time="9.85" classname="ExtentReportWithScreenShot.Screenshot.ExtentReportDemo">
    <failure type="org.junit.ComparisonFailure" message="ToolsQA expected:&amp;lt;T[utorials] website&amp;gt; but was:&amp;lt;T[his is not tutorial] website&amp;gt;">
      <![CDATA[org.junit.ComparisonFailure: ToolsQA expected:<T[utorials] website> but was:<T[his is not tutorial] website>
at org.junit.Assert.assertEquals(Assert.java:115)
at ExtentReportWithScreenShot.Screenshot.ExtentReportDemo.mytest(ExtentReportDemo.java:55)
at java.util.ArrayList.forEach(ArrayList.java:1259)
... Removed 27 stack frames]]>
    </failure>
  </testcase> <!-- mytest -->
  <testcase name="mytest1" time="33.138" classname="ExtentReportWithScreenShot.Screenshot.ExtentReportDemo"/>
</testsuite> <!-- Test -->
