<?xml version="1.0" encoding="UTF-8"?>
<testng-results skipped="0" failed="0" ignored="0" total="2" passed="2">
  <reporter-output>
  </reporter-output>
  <suite name="Default suite" duration-ms="72082" started-at="2021-07-25T14:14:03 IST" finished-at="2021-07-25T14:15:15 IST">
    <groups>
    </groups>
    <test name="Default test" duration-ms="72082" started-at="2021-07-25T14:14:03 IST" finished-at="2021-07-25T14:15:15 IST">
      <class name="ExtentReportWithScreenShot.Screenshot.ExtentReportDemo">
        <test-method status="PASS" signature="init()[pri:0, instance:ExtentReportWithScreenShot.Screenshot.ExtentReportDemo@2d6eabae]" name="init" is-config="true" duration-ms="141" started-at="2021-07-25T14:14:03 IST" finished-at="2021-07-25T14:14:03 IST">
          <reporter-output>
          </reporter-output>
        </test-method> <!-- init -->
        <test-method status="PASS" signature="mytest()[pri:0, instance:ExtentReportWithScreenShot.Screenshot.ExtentReportDemo@2d6eabae]" name="mytest" duration-ms="38312" started-at="2021-07-25T14:14:03 IST" finished-at="2021-07-25T14:14:41 IST">
          <reporter-output>
          </reporter-output>
        </test-method> <!-- mytest -->
        <test-method status="PASS" signature="mytest1()[pri:0, instance:ExtentReportWithScreenShot.Screenshot.ExtentReportDemo@2d6eabae]" name="mytest1" duration-ms="33607" started-at="2021-07-25T14:14:41 IST" finished-at="2021-07-25T14:15:15 IST">
          <reporter-output>
          </reporter-output>
        </test-method> <!-- mytest1 -->
      </class> <!-- ExtentReportWithScreenShot.Screenshot.ExtentReportDemo -->
    </test> <!-- Default test -->
  </suite> <!-- Default suite -->
</testng-results>
